-------------------------------------------------------------------------------
Test set: ifgoiano.BinaryTreeTest$DepthAndCompleteness
-------------------------------------------------------------------------------
Tests run: 11, Failures: 2, Errors: 0, Skipped: 0, Time elapsed: 0.052 s <<< FAILURE! -- in ifgoiano.BinaryTreeTest$DepthAndCompleteness
ifgoiano.BinaryTreeTest$DepthAndCompleteness.treeIsntCompletet -- Time elapsed: 0.006 s <<< FAILURE!
org.opentest4j.AssertionFailedError: expected: <false> but was: <true>
	at org.junit.jupiter.api.AssertionFailureBuilder.build(AssertionFailureBuilder.java:151)
	at org.junit.jupiter.api.AssertionFailureBuilder.buildAndThrow(AssertionFailureBuilder.java:132)
	at org.junit.jupiter.api.AssertFalse.failNotFalse(AssertFalse.java:63)
	at org.junit.jupiter.api.AssertFalse.assertFalse(AssertFalse.java:36)
	at org.junit.jupiter.api.AssertFalse.assertFalse(AssertFalse.java:31)
	at org.junit.jupiter.api.Assertions.assertFalse(Assertions.java:227)
	at ifgoiano.BinaryTreeTest$DepthAndCompleteness.treeIsntCompletet(BinaryTreeTest.java:322)
	at java.base/java.lang.reflect.Method.invoke(Method.java:565)
	at java.base/java.util.ArrayList.forEach(ArrayList.java:1604)
	at java.base/java.util.ArrayList.forEach(ArrayList.java:1604)
	at java.base/java.util.ArrayList.forEach(ArrayList.java:1604)

ifgoiano.BinaryTreeTest$DepthAndCompleteness.calculateTreeNull -- Time elapsed: 0.002 s <<< FAILURE!
org.opentest4j.AssertionFailedError: expected: <null> but was: <0>
	at org.junit.jupiter.api.AssertionFailureBuilder.build(AssertionFailureBuilder.java:151)
	at org.junit.jupiter.api.AssertionFailureBuilder.buildAndThrow(AssertionFailureBuilder.java:132)
	at org.junit.jupiter.api.AssertNull.failNotNull(AssertNull.java:50)
	at org.junit.jupiter.api.AssertNull.assertNull(AssertNull.java:35)
	at org.junit.jupiter.api.AssertNull.assertNull(AssertNull.java:30)
	at org.junit.jupiter.api.Assertions.assertNull(Assertions.java:275)
	at ifgoiano.BinaryTreeTest$DepthAndCompleteness.calculateTreeNull(BinaryTreeTest.java:247)
	at java.base/java.lang.reflect.Method.invoke(Method.java:565)
	at java.base/java.util.ArrayList.forEach(ArrayList.java:1604)
	at java.base/java.util.ArrayList.forEach(ArrayList.java:1604)
	at java.base/java.util.ArrayList.forEach(ArrayList.java:1604)

